<?xml version="1.0" encoding="UTF-8"?>
<!-- Generated by org.testng.reporters.JUnitXMLReporter -->
<testsuite ignored="0" hostname="LAPTOP-BG1H6HQE" failures="0" tests="6" name="Test" time="0.058" errors="0" timestamp="16 Jun 2020 15:59:22 GMT">
  <testcase classname="TestNGFramework.StandardTest1" name="Test1" time="0.011"/>
  <testcase classname="TestNGFramework.StandardTest1" name="Test2" time="0.002"/>
  <testcase classname="TestNGFramework.StandardTest1" name="Test3" time="0.001"/>
  <testcase classname="TestNGFramework.StandardTest2" name="Test4" time="0.002"/>
  <testcase classname="TestNGFramework.StandardTest2" name="Test5" time="0.003"/>
  <testcase classname="TestNGFramework.StandardTest2" name="Test6" time="0.002"/>
</testsuite> <!-- Test -->
