<?xml version="1.0" encoding="UTF-8"?>
<testng-results ignored="0" total="1" passed="1" failed="0" skipped="0">
  <reporter-output>
  </reporter-output>
  <suite started-at="2020-06-18T03:32:00Z" name="Default suite" finished-at="2020-06-18T03:32:15Z" duration-ms="14991">
    <groups>
      <group name="cucumber">
        <method signature="AbstractTestNGCucumberTests.feature(cucumber.api.testng.CucumberFeatureWrapper)[pri:0, instance:cucumberoptions.TestRunner@7a675056]" name="feature" class="cucumber.api.testng.AbstractTestNGCucumberTests"/>
      </group> <!-- cucumber -->
    </groups>
    <test started-at="2020-06-18T03:32:00Z" name="Default test" finished-at="2020-06-18T03:32:15Z" duration-ms="14991">
      <class name="cucumberoptions.TestRunner">
        <test-method is-config="true" signature="setUpClass()[pri:0, instance:cucumberoptions.TestRunner@7a675056]" started-at="2020-06-18T03:32:00Z" name="setUpClass" finished-at="2020-06-18T03:32:00Z" duration-ms="432" status="PASS">
          <reporter-output>
          </reporter-output>
        </test-method> <!-- setUpClass -->
        <test-method signature="feature(cucumber.api.testng.CucumberFeatureWrapper)[pri:0, instance:cucumberoptions.TestRunner@7a675056]" started-at="2020-06-18T03:32:00Z" name="feature" description="Runs Cucumber Feature" data-provider="features" finished-at="2020-06-18T03:32:15Z" duration-ms="14366" status="PASS">
          <params>
            <param index="0">
              <value>
                <![CDATA[TestScenario outline validation]]>
              </value>
            </param>
          </params>
          <reporter-output>
          </reporter-output>
        </test-method> <!-- feature -->
        <test-method is-config="true" signature="tearDownClass()[pri:0, instance:cucumberoptions.TestRunner@7a675056]" started-at="2020-06-18T03:32:15Z" name="tearDownClass" finished-at="2020-06-18T03:32:15Z" duration-ms="8" status="PASS">
          <reporter-output>
          </reporter-output>
        </test-method> <!-- tearDownClass -->
      </class> <!-- cucumberoptions.TestRunner -->
    </test> <!-- Default test -->
  </suite> <!-- Default suite -->
</testng-results>
